
=== Tue Aug 12 22:02:28 2025

Packages were changed.
Update Mode: updateDependencies

The following packages were added:
  com.unity.ai.navigation@1.1.5
The following packages were updated:
  com.unity.collab-proxy from version 1.15.18 to 2.5.2
  com.unity.ide.rider from version 3.0.14 to 3.0.34
  com.unity.ide.visualstudio from version 2.0.15 to 2.0.22
  com.unity.render-pipelines.universal from version 12.1.7 to 14.0.11
  com.unity.test-framework from version 1.1.31 to 1.1.33
  com.unity.textmeshpro from version 3.0.6 to 3.0.7
  com.unity.timeline from version 1.6.4 to 1.7.6
  com.unity.visualscripting from version 1.7.8 to 1.9.4
  com.unity.xr.interaction.toolkit from version 2.0.2 to 2.6.3
  com.unity.xr.management from version 4.2.1 to 4.4.0
  com.unity.xr.openxr from version 1.4.2 to 1.13.0

=== Tue Aug 19 21:54:57 2025

Packages were changed.
Update Mode: updateDependencies

The following packages were updated:
  com.unity.burst from version 1.8.4 to 1.8.18
  com.unity.collab-proxy from version 2.4.4 to 2.5.2
  com.unity.ide.rider from version 3.0.21 to 3.0.34
  com.unity.ide.visualstudio from version 2.0.18 to 2.0.22
  com.unity.postprocessing from version 3.2.2 to 3.4.0
  com.unity.render-pipelines.core from version 14.0.7 to 14.0.11
  com.unity.render-pipelines.universal from version 14.0.7 to 14.0.11
  com.unity.shadergraph from version 14.0.7 to 14.0.11
  com.unity.textmeshpro from version 3.0.6 to 3.0.7
  com.unity.timeline from version 1.7.4 to 1.7.6
  com.unity.visualscripting from version 1.8.0 to 1.9.4

=== Tue Aug 19 21:54:57 2025

Packages were changed.
Update Mode: mergeDefaultDependencies

The following packages were added:
  com.unity.burst@1.8.18
  com.unity.ext.nunit@1.0.6
  com.unity.mathematics@1.2.6
  com.unity.postprocessing@3.4.0
  com.unity.render-pipelines.core@14.0.11
  com.unity.searcher@4.9.2
  com.unity.shadergraph@14.0.11
  com.unity.modules.subsystems@1.0.0
